# JRE version: OpenJDK Runtime Environment JBR-17.0.5+1-653.14-nomod (17.0.5+1) (build 17.0.5+1-b653.14)
# Java VM: OpenJDK 64-Bit Server VM JBR-17.0.5+1-653.14-nomod (17.0.5+1-b653.14, mixed mode, tiered, compressed oops, compressed class ptrs, g1 gc, windows-amd64)
GC Precious Log:
 CPUs: 20 total, 20 available
 Memory: 32577M
 Large Page Support: Disabled
 NUMA Support: Disabled
 Compressed Oops: Enabled (32-bit)
 Heap Region Size: 1M
 Heap Min Capacity: 8M
 Heap Initial Capacity: 510M
 Heap Max Capacity: 2G
 Pre-touch: Disabled
 Parallel Workers: 15
 Concurrent Workers: 4
 Concurrent Refinement Workers: 15
 Periodic GC: Disabled
Heap:
 garbage-first heap   total 355328K, used 181123K [0x0000000080000000, 0x0000000100000000)
  region size 1024K, 68 young (69632K), 3 survivors (3072K)
 Metaspace       used 140963K, committed 142656K, reserved 1179648K
  class space    used 17497K, committed 18240K, reserved 1048576K
GC Heap History (20 events):
Event: 1711.249 GC heap before
{Heap before GC invocations=390 (full 13):
 garbage-first heap   total 355328K, used 306822K [0x0000000080000000, 0x0000000100000000)
  region size 1024K, 190 young (194560K), 8 survivors (8192K)
 Metaspace       used 140919K, committed 142592K, reserved 1179648K
  class space    used 17496K, committed 18240K, reserved 1048576K
}
Event: 1711.252 GC heap after
{Heap after GC invocations=391 (full 13):
 garbage-first heap   total 355328K, used 121274K [0x0000000080000000, 0x0000000100000000)
  region size 1024K, 7 young (7168K), 7 survivors (7168K)
 Metaspace       used 140919K, committed 142592K, reserved 1179648K
  class space    used 17496K, committed 18240K, reserved 1048576K
}
Event: 1711.557 GC heap before
{Heap before GC invocations=391 (full 13):
 garbage-first heap   total 355328K, used 158138K [0x0000000080000000, 0x0000000100000000)
  region size 1024K, 44 young (45056K), 7 survivors (7168K)
 Metaspace       used 140919K, committed 142592K, reserved 1179648K
  class space    used 17496K, committed 18240K, reserved 1048576K
}
Event: 1711.619 GC heap after
{Heap after GC invocations=392 (full 14):
 garbage-first heap   total 355328K, used 112709K [0x0000000080000000, 0x0000000100000000)
  region size 1024K, 0 young (0K), 0 survivors (0K)
 Metaspace       used 140919K, committed 142592K, reserved 1179648K
  class space    used 17496K, committed 18240K, reserved 1048576K
}
Event: 1714.304 GC heap before
{Heap before GC invocations=392 (full 14):
 garbage-first heap   total 355328K, used 311365K [0x0000000080000000, 0x0000000100000000)
  region size 1024K, 195 young (199680K), 0 survivors (0K)
 Metaspace       used 140924K, committed 142592K, reserved 1179648K
  class space    used 17496K, committed 18240K, reserved 1048576K
}
Event: 1714.305 GC heap after
{Heap after GC invocations=393 (full 14):
 garbage-first heap   total 355328K, used 114524K [0x0000000080000000, 0x0000000100000000)
  region size 1024K, 2 young (2048K), 2 survivors (2048K)
 Metaspace       used 140924K, committed 142592K, reserved 1179648K
  class space    used 17496K, committed 18240K, reserved 1048576K
}
Event: 1716.558 GC heap before
{Heap before GC invocations=393 (full 14):
 garbage-first heap   total 355328K, used 311132K [0x0000000080000000, 0x0000000100000000)
  region size 1024K, 194 young (198656K), 2 survivors (2048K)
 Metaspace       used 140924K, committed 142592K, reserved 1179648K
  class space    used 17496K, committed 18240K, reserved 1048576K
}
Event: 1716.560 GC heap after
{Heap after GC invocations=394 (full 14):
 garbage-first heap   total 355328K, used 113795K [0x0000000080000000, 0x0000000100000000)
  region size 1024K, 2 young (2048K), 2 survivors (2048K)
 Metaspace       used 140924K, committed 142592K, reserved 1179648K
  class space    used 17496K, committed 18240K, reserved 1048576K
}
Event: 1726.885 GC heap before
{Heap before GC invocations=394 (full 14):
 garbage-first heap   total 355328K, used 310403K [0x0000000080000000, 0x0000000100000000)
  region size 1024K, 195 young (199680K), 2 survivors (2048K)
 Metaspace       used 140926K, committed 142592K, reserved 1179648K
  class space    used 17496K, committed 18240K, reserved 1048576K
}
Event: 1726.886 GC heap after
{Heap after GC invocations=395 (full 14):
 garbage-first heap   total 355328K, used 113911K [0x0000000080000000, 0x0000000100000000)
  region size 1024K, 2 young (2048K), 2 survivors (2048K)
 Metaspace       used 140926K, committed 142592K, reserved 1179648K
  class space    used 17496K, committed 18240K, reserved 1048576K
}
Event: 1738.011 GC heap before
{Heap before GC invocations=395 (full 14):
 garbage-first heap   total 355328K, used 311543K [0x0000000080000000, 0x0000000100000000)
  region size 1024K, 195 young (199680K), 2 survivors (2048K)
 Metaspace       used 140928K, committed 142592K, reserved 1179648K
  class space    used 17496K, committed 18240K, reserved 1048576K
}
Event: 1738.013 GC heap after
{Heap after GC invocations=396 (full 14):
 garbage-first heap   total 355328K, used 113935K [0x0000000080000000, 0x0000000100000000)
  region size 1024K, 2 young (2048K), 2 survivors (2048K)
 Metaspace       used 140928K, committed 142592K, reserved 1179648K
  class space    used 17496K, committed 18240K, reserved 1048576K
}
Event: 1741.032 GC heap before
{Heap before GC invocations=396 (full 14):
 garbage-first heap   total 355328K, used 309519K [0x0000000080000000, 0x0000000100000000)
  region size 1024K, 194 young (198656K), 2 survivors (2048K)
 Metaspace       used 140948K, committed 142592K, reserved 1179648K
  class space    used 17496K, committed 18240K, reserved 1048576K
}
Event: 1741.033 GC heap after
{Heap after GC invocations=397 (full 14):
 garbage-first heap   total 355328K, used 115732K [0x0000000080000000, 0x0000000100000000)
  region size 1024K, 3 young (3072K), 3 survivors (3072K)
 Metaspace       used 140948K, committed 142592K, reserved 1179648K
  class space    used 17496K, committed 18240K, reserved 1048576K
}
Event: 1741.577 GC heap before
{Heap before GC invocations=397 (full 14):
 garbage-first heap   total 355328K, used 310292K [0x0000000080000000, 0x0000000100000000)
  region size 1024K, 193 young (197632K), 3 survivors (3072K)
 Metaspace       used 140948K, committed 142592K, reserved 1179648K
  class space    used 17496K, committed 18240K, reserved 1048576K
}
Event: 1741.578 GC heap after
{Heap after GC invocations=398 (full 14):
 garbage-first heap   total 355328K, used 115680K [0x0000000080000000, 0x0000000100000000)
  region size 1024K, 3 young (3072K), 3 survivors (3072K)
 Metaspace       used 140948K, committed 142592K, reserved 1179648K
  class space    used 17496K, committed 18240K, reserved 1048576K
}
Event: 1742.283 GC heap before
{Heap before GC invocations=398 (full 14):
 garbage-first heap   total 355328K, used 310240K [0x0000000080000000, 0x0000000100000000)
  region size 1024K, 194 young (198656K), 3 survivors (3072K)
 Metaspace       used 140952K, committed 142592K, reserved 1179648K
  class space    used 17496K, committed 18240K, reserved 1048576K
}
Event: 1742.284 GC heap after
{Heap after GC invocations=399 (full 14):
 garbage-first heap   total 355328K, used 115464K [0x0000000080000000, 0x0000000100000000)
  region size 1024K, 3 young (3072K), 3 survivors (3072K)
 Metaspace       used 140952K, committed 142592K, reserved 1179648K
  class space    used 17496K, committed 18240K, reserved 1048576K
}
Event: 1743.323 GC heap before
{Heap before GC invocations=399 (full 14):
 garbage-first heap   total 355328K, used 310024K [0x0000000080000000, 0x0000000100000000)
  region size 1024K, 194 young (198656K), 3 survivors (3072K)
 Metaspace       used 140953K, committed 142656K, reserved 1179648K
  class space    used 17496K, committed 18240K, reserved 1048576K
}
Event: 1743.325 GC heap after
{Heap after GC invocations=400 (full 14):
 garbage-first heap   total 355328K, used 115587K [0x0000000080000000, 0x0000000100000000)
  region size 1024K, 3 young (3072K), 3 survivors (3072K)
 Metaspace       used 140953K, committed 142656K, reserved 1179648K
  class space    used 17496K, committed 18240K, reserved 1048576K
}

